<?xml version="1.0" encoding="UTF-8"?>
<!-- Generated by org.testng.reporters.JUnitReportReporter -->
<testsuite skipped="0" hostname="3010-009" name="screenShotPath.screenShotPath.CapturingScreenshotTest" tests="2" failures="0" timestamp="24 May 2017 05:01:33 GMT" time="6.685" errors="0">
  <testcase name="captureScreenshot" time="6.685" classname="screenShotPath.screenShotPath.CapturingScreenshotTest"/>
  <testcase name="sampletest" time="0.000" classname="screenShotPath.screenShotPath.CapturingScreenshotTest"/>
</testsuite> <!-- screenShotPath.screenShotPath.CapturingScreenshotTest -->
